0 info it worked if it ends with ok
1 verbose cli [ '/usr/local/Cellar/node/7.4.0/bin/node',
1 verbose cli   '/usr/local/bin/npm',
1 verbose cli   'start',
1 verbose cli   'watch' ]
2 info using npm@4.0.5
3 info using node@v7.4.0
4 verbose run-script [ 'prestart', 'start', 'poststart' ]
5 info lifecycle mern_boilerplate@1.0.0~prestart: mern_boilerplate@1.0.0
6 silly lifecycle mern_boilerplate@1.0.0~prestart: no script for prestart, continuing
7 info lifecycle mern_boilerplate@1.0.0~start: mern_boilerplate@1.0.0
8 verbose lifecycle mern_boilerplate@1.0.0~start: unsafe-perm in lifecycle true
9 verbose lifecycle mern_boilerplate@1.0.0~start: PATH: /usr/local/lib/node_modules/npm/bin/node-gyp-bin:/Users/rahulmat/Desktop/MERN_BOILERPLATE/node_modules/.bin:/usr/local/bin:/usr/bin:/bin:/usr/sbin:/sbin:/Users/rahulmat/Desktop/WebDriver:/opt/X11/bin
10 verbose lifecycle mern_boilerplate@1.0.0~start: CWD: /Users/rahulmat/Desktop/MERN_BOILERPLATE
11 silly lifecycle mern_boilerplate@1.0.0~start: Args: [ '-c', 'node server.js "watch"' ]
12 silly lifecycle mern_boilerplate@1.0.0~start: Returned: code: 1  signal: null
13 info lifecycle mern_boilerplate@1.0.0~start: Failed to exec start script
14 verbose stack Error: mern_boilerplate@1.0.0 start: `node server.js "watch"`
14 verbose stack Exit status 1
14 verbose stack     at EventEmitter.<anonymous> (/usr/local/lib/node_modules/npm/lib/utils/lifecycle.js:279:16)
14 verbose stack     at emitTwo (events.js:106:13)
14 verbose stack     at EventEmitter.emit (events.js:191:7)
14 verbose stack     at ChildProcess.<anonymous> (/usr/local/lib/node_modules/npm/lib/utils/spawn.js:40:14)
14 verbose stack     at emitTwo (events.js:106:13)
14 verbose stack     at ChildProcess.emit (events.js:191:7)
14 verbose stack     at maybeClose (internal/child_process.js:885:16)
14 verbose stack     at Process.ChildProcess._handle.onexit (internal/child_process.js:226:5)
15 verbose pkgid mern_boilerplate@1.0.0
16 verbose cwd /Users/rahulmat/Desktop/MERN_BOILERPLATE/app/components
17 error Darwin 15.5.0
18 error argv "/usr/local/Cellar/node/7.4.0/bin/node" "/usr/local/bin/npm" "start" "watch"
19 error node v7.4.0
20 error npm  v4.0.5
21 error code ELIFECYCLE
22 error mern_boilerplate@1.0.0 start: `node server.js "watch"`
22 error Exit status 1
23 error Failed at the mern_boilerplate@1.0.0 start script 'node server.js "watch"'.
23 error Make sure you have the latest version of node.js and npm installed.
23 error If you do, this is most likely a problem with the mern_boilerplate package,
23 error not with npm itself.
23 error Tell the author that this fails on your system:
23 error     node server.js "watch"
23 error You can get information on how to open an issue for this project with:
23 error     npm bugs mern_boilerplate
23 error Or if that isn't available, you can get their info via:
23 error     npm owner ls mern_boilerplate
23 error There is likely additional logging output above.
24 verbose exit [ 1, true ]
